 [2024-12-10T18:31:10.197Z] IP: ::1 "POST /api/users/login" 200 - secretOrPrivateKey must have a value
 Stack: Error: secretOrPrivateKey must have a value
    at module.exports [as sign] (D:\sarajevo-expats\server\node_modules\jsonwebtoken\sign.js:111:20)
    at D:\sarajevo-expats\server\controllers\userController.js:54:21
 [2024-12-10T18:31:51.084Z] IP: ::1 "POST /api/users/login" 200 - secretOrPrivateKey must have a value
 Stack: Error: secretOrPrivateKey must have a value
    at module.exports [as sign] (D:\sarajevo-expats\server\node_modules\jsonwebtoken\sign.js:111:20)
    at D:\sarajevo-expats\server\controllers\userController.js:54:21
 [2024-12-10T18:32:24.912Z] IP: ::1 "POST /api/users/login" 200 - secretOrPrivateKey must have a value
 Stack: Error: secretOrPrivateKey must have a value
    at module.exports [as sign] (D:\sarajevo-expats\server\node_modules\jsonwebtoken\sign.js:111:20)
    at D:\sarajevo-expats\server\controllers\userController.js:54:21
 [2024-12-10T18:32:25.164Z] IP: ::1 "POST /api/users/login" 200 - secretOrPrivateKey must have a value
 Stack: Error: secretOrPrivateKey must have a value
    at module.exports [as sign] (D:\sarajevo-expats\server\node_modules\jsonwebtoken\sign.js:111:20)
    at D:\sarajevo-expats\server\controllers\userController.js:54:21
 [2024-12-10T18:32:58.838Z] IP: ::1 "POST /api/users/login" 200 - secretOrPrivateKey must have a value
 Stack: Error: secretOrPrivateKey must have a value
    at module.exports [as sign] (D:\sarajevo-expats\server\node_modules\jsonwebtoken\sign.js:111:20)
    at D:\sarajevo-expats\server\controllers\userController.js:54:21
 [2024-12-10T18:33:46.040Z] IP: ::1 "GET /api/placetypes/with-places" 401 - User is not authorized or token is missing
 Stack: Error: User is not authorized or token is missing
    at D:\sarajevo-expats\server\middleware\validateAdminToken.js:10:11
    at asyncUtilWrap (D:\sarajevo-expats\server\node_modules\express-async-handler\index.js:3:20)
    at Layer.handle [as handle_request] (D:\sarajevo-expats\server\node_modules\express\lib\router\layer.js:95:5)
    at next (D:\sarajevo-expats\server\node_modules\express\lib\router\route.js:149:13)
    at Route.dispatch (D:\sarajevo-expats\server\node_modules\express\lib\router\route.js:119:3)
    at Layer.handle [as handle_request] (D:\sarajevo-expats\server\node_modules\express\lib\router\layer.js:95:5)
    at D:\sarajevo-expats\server\node_modules\express\lib\router\index.js:284:15
    at Function.process_params (D:\sarajevo-expats\server\node_modules\express\lib\router\index.js:346:12)
    at next (D:\sarajevo-expats\server\node_modules\express\lib\router\index.js:280:10)
    at Function.handle (D:\sarajevo-expats\server\node_modules\express\lib\router\index.js:175:3)
 [2024-12-10T18:34:36.160Z] IP: ::1 "GET /api/placetypes/with-places" 401 - User is not authorized or token is missing
 Stack: Error: User is not authorized or token is missing
    at D:\sarajevo-expats\server\middleware\validateAdminToken.js:10:11
    at asyncUtilWrap (D:\sarajevo-expats\server\node_modules\express-async-handler\index.js:3:20)
    at Layer.handle [as handle_request] (D:\sarajevo-expats\server\node_modules\express\lib\router\layer.js:95:5)
    at next (D:\sarajevo-expats\server\node_modules\express\lib\router\route.js:149:13)
    at Route.dispatch (D:\sarajevo-expats\server\node_modules\express\lib\router\route.js:119:3)
    at Layer.handle [as handle_request] (D:\sarajevo-expats\server\node_modules\express\lib\router\layer.js:95:5)
    at D:\sarajevo-expats\server\node_modules\express\lib\router\index.js:284:15
    at Function.process_params (D:\sarajevo-expats\server\node_modules\express\lib\router\index.js:346:12)
    at next (D:\sarajevo-expats\server\node_modules\express\lib\router\index.js:280:10)
    at Function.handle (D:\sarajevo-expats\server\node_modules\express\lib\router\index.js:175:3)
 [2024-12-10T18:35:19.553Z] IP: ::1 "GET /api/placetypes/with-places" 401 - User is not authorized or token is missing
 Stack: Error: User is not authorized or token is missing
    at D:\sarajevo-expats\server\middleware\validateAdminToken.js:12:11
    at asyncUtilWrap (D:\sarajevo-expats\server\node_modules\express-async-handler\index.js:3:20)
    at Layer.handle [as handle_request] (D:\sarajevo-expats\server\node_modules\express\lib\router\layer.js:95:5)
    at next (D:\sarajevo-expats\server\node_modules\express\lib\router\route.js:149:13)
    at Route.dispatch (D:\sarajevo-expats\server\node_modules\express\lib\router\route.js:119:3)
    at Layer.handle [as handle_request] (D:\sarajevo-expats\server\node_modules\express\lib\router\layer.js:95:5)
    at D:\sarajevo-expats\server\node_modules\express\lib\router\index.js:284:15
    at Function.process_params (D:\sarajevo-expats\server\node_modules\express\lib\router\index.js:346:12)
    at next (D:\sarajevo-expats\server\node_modules\express\lib\router\index.js:280:10)
    at Function.handle (D:\sarajevo-expats\server\node_modules\express\lib\router\index.js:175:3)
 [2024-12-10T18:35:33.008Z] IP: ::1 "GET /api/placetypes/with-places" 401 - User is not authorized or token is missing
 Stack: Error: User is not authorized or token is missing
    at D:\sarajevo-expats\server\middleware\validateAdminToken.js:12:11
    at asyncUtilWrap (D:\sarajevo-expats\server\node_modules\express-async-handler\index.js:3:20)
    at Layer.handle [as handle_request] (D:\sarajevo-expats\server\node_modules\express\lib\router\layer.js:95:5)
    at next (D:\sarajevo-expats\server\node_modules\express\lib\router\route.js:149:13)
    at Route.dispatch (D:\sarajevo-expats\server\node_modules\express\lib\router\route.js:119:3)
    at Layer.handle [as handle_request] (D:\sarajevo-expats\server\node_modules\express\lib\router\layer.js:95:5)
    at D:\sarajevo-expats\server\node_modules\express\lib\router\index.js:284:15
    at Function.process_params (D:\sarajevo-expats\server\node_modules\express\lib\router\index.js:346:12)
    at next (D:\sarajevo-expats\server\node_modules\express\lib\router\index.js:280:10)
    at Function.handle (D:\sarajevo-expats\server\node_modules\express\lib\router\index.js:175:3)
 [2024-12-10T18:35:42.454Z] IP: ::1 "GET /api/placetypes/with-places" 401 - User is not authorized or token is missing
 Stack: Error: User is not authorized or token is missing
    at D:\sarajevo-expats\server\middleware\validateAdminToken.js:12:11
    at asyncUtilWrap (D:\sarajevo-expats\server\node_modules\express-async-handler\index.js:3:20)
    at Layer.handle [as handle_request] (D:\sarajevo-expats\server\node_modules\express\lib\router\layer.js:95:5)
    at next (D:\sarajevo-expats\server\node_modules\express\lib\router\route.js:149:13)
    at Route.dispatch (D:\sarajevo-expats\server\node_modules\express\lib\router\route.js:119:3)
    at Layer.handle [as handle_request] (D:\sarajevo-expats\server\node_modules\express\lib\router\layer.js:95:5)
    at D:\sarajevo-expats\server\node_modules\express\lib\router\index.js:284:15
    at Function.process_params (D:\sarajevo-expats\server\node_modules\express\lib\router\index.js:346:12)
    at next (D:\sarajevo-expats\server\node_modules\express\lib\router\index.js:280:10)
    at Function.handle (D:\sarajevo-expats\server\node_modules\express\lib\router\index.js:175:3)
 [2024-12-10T18:35:52.282Z] IP: ::1 "POST /api/placetypes" 401 - User is not authorized or token is missing
 Stack: Error: User is not authorized or token is missing
    at D:\sarajevo-expats\server\middleware\validateAdminToken.js:12:11
    at asyncUtilWrap (D:\sarajevo-expats\server\node_modules\express-async-handler\index.js:3:20)
    at Layer.handle [as handle_request] (D:\sarajevo-expats\server\node_modules\express\lib\router\layer.js:95:5)
    at next (D:\sarajevo-expats\server\node_modules\express\lib\router\route.js:149:13)
    at next (D:\sarajevo-expats\server\node_modules\express\lib\router\route.js:145:7)
    at Route.dispatch (D:\sarajevo-expats\server\node_modules\express\lib\router\route.js:119:3)
    at Layer.handle [as handle_request] (D:\sarajevo-expats\server\node_modules\express\lib\router\layer.js:95:5)
    at D:\sarajevo-expats\server\node_modules\express\lib\router\index.js:284:15
    at Function.process_params (D:\sarajevo-expats\server\node_modules\express\lib\router\index.js:346:12)
    at next (D:\sarajevo-expats\server\node_modules\express\lib\router\index.js:280:10)
 [2024-12-10T18:36:27.346Z] IP: ::1 "GET /api/placetypes/with-places" 401 - User is not authorized or token is missing
 Stack: Error: User is not authorized or token is missing
    at D:\sarajevo-expats\server\middleware\validateAdminToken.js:12:11
    at asyncUtilWrap (D:\sarajevo-expats\server\node_modules\express-async-handler\index.js:3:20)
    at Layer.handle [as handle_request] (D:\sarajevo-expats\server\node_modules\express\lib\router\layer.js:95:5)
    at next (D:\sarajevo-expats\server\node_modules\express\lib\router\route.js:149:13)
    at Route.dispatch (D:\sarajevo-expats\server\node_modules\express\lib\router\route.js:119:3)
    at Layer.handle [as handle_request] (D:\sarajevo-expats\server\node_modules\express\lib\router\layer.js:95:5)
    at D:\sarajevo-expats\server\node_modules\express\lib\router\index.js:284:15
    at Function.process_params (D:\sarajevo-expats\server\node_modules\express\lib\router\index.js:346:12)
    at next (D:\sarajevo-expats\server\node_modules\express\lib\router\index.js:280:10)
    at Function.handle (D:\sarajevo-expats\server\node_modules\express\lib\router\index.js:175:3)
 [2024-12-10T18:36:35.910Z] IP: ::1 "POST /api/placetypes" 401 - User is not authorized or token is missing
 Stack: Error: User is not authorized or token is missing
    at D:\sarajevo-expats\server\middleware\validateAdminToken.js:12:11
    at asyncUtilWrap (D:\sarajevo-expats\server\node_modules\express-async-handler\index.js:3:20)
    at Layer.handle [as handle_request] (D:\sarajevo-expats\server\node_modules\express\lib\router\layer.js:95:5)
    at next (D:\sarajevo-expats\server\node_modules\express\lib\router\route.js:149:13)
    at next (D:\sarajevo-expats\server\node_modules\express\lib\router\route.js:145:7)
    at Route.dispatch (D:\sarajevo-expats\server\node_modules\express\lib\router\route.js:119:3)
    at Layer.handle [as handle_request] (D:\sarajevo-expats\server\node_modules\express\lib\router\layer.js:95:5)
    at D:\sarajevo-expats\server\node_modules\express\lib\router\index.js:284:15
    at Function.process_params (D:\sarajevo-expats\server\node_modules\express\lib\router\index.js:346:12)
    at next (D:\sarajevo-expats\server\node_modules\express\lib\router\index.js:280:10)
 [2024-12-10T18:37:15.301Z] IP: ::1 "POST /api/placetypes" 401 - User is not authorized or token is missing
 Stack: Error: User is not authorized or token is missing
    at D:\sarajevo-expats\server\middleware\validateAdminToken.js:12:11
    at asyncUtilWrap (D:\sarajevo-expats\server\node_modules\express-async-handler\index.js:3:20)
    at Layer.handle [as handle_request] (D:\sarajevo-expats\server\node_modules\express\lib\router\layer.js:95:5)
    at next (D:\sarajevo-expats\server\node_modules\express\lib\router\route.js:149:13)
    at next (D:\sarajevo-expats\server\node_modules\express\lib\router\route.js:145:7)
    at Route.dispatch (D:\sarajevo-expats\server\node_modules\express\lib\router\route.js:119:3)
    at Layer.handle [as handle_request] (D:\sarajevo-expats\server\node_modules\express\lib\router\layer.js:95:5)
    at D:\sarajevo-expats\server\node_modules\express\lib\router\index.js:284:15
    at Function.process_params (D:\sarajevo-expats\server\node_modules\express\lib\router\index.js:346:12)
    at next (D:\sarajevo-expats\server\node_modules\express\lib\router\index.js:280:10)
 [2024-12-10T18:37:43.342Z] IP: ::1 "GET /api/placetypes/with-places" 401 - User is not authorized or token is missing
 Stack: Error: User is not authorized or token is missing
    at D:\sarajevo-expats\server\middleware\validateAdminToken.js:12:11
    at asyncUtilWrap (D:\sarajevo-expats\server\node_modules\express-async-handler\index.js:3:20)
    at Layer.handle [as handle_request] (D:\sarajevo-expats\server\node_modules\express\lib\router\layer.js:95:5)
    at next (D:\sarajevo-expats\server\node_modules\express\lib\router\route.js:149:13)
    at Route.dispatch (D:\sarajevo-expats\server\node_modules\express\lib\router\route.js:119:3)
    at Layer.handle [as handle_request] (D:\sarajevo-expats\server\node_modules\express\lib\router\layer.js:95:5)
    at D:\sarajevo-expats\server\node_modules\express\lib\router\index.js:284:15
    at Function.process_params (D:\sarajevo-expats\server\node_modules\express\lib\router\index.js:346:12)
    at next (D:\sarajevo-expats\server\node_modules\express\lib\router\index.js:280:10)
    at Function.handle (D:\sarajevo-expats\server\node_modules\express\lib\router\index.js:175:3)
 [2024-12-10T18:37:46.499Z] IP: ::1 "POST /api/placetypes" 401 - User is not authorized or token is missing
 Stack: Error: User is not authorized or token is missing
    at D:\sarajevo-expats\server\middleware\validateAdminToken.js:12:11
    at asyncUtilWrap (D:\sarajevo-expats\server\node_modules\express-async-handler\index.js:3:20)
    at Layer.handle [as handle_request] (D:\sarajevo-expats\server\node_modules\express\lib\router\layer.js:95:5)
    at next (D:\sarajevo-expats\server\node_modules\express\lib\router\route.js:149:13)
    at next (D:\sarajevo-expats\server\node_modules\express\lib\router\route.js:145:7)
    at Route.dispatch (D:\sarajevo-expats\server\node_modules\express\lib\router\route.js:119:3)
    at Layer.handle [as handle_request] (D:\sarajevo-expats\server\node_modules\express\lib\router\layer.js:95:5)
    at D:\sarajevo-expats\server\node_modules\express\lib\router\index.js:284:15
    at Function.process_params (D:\sarajevo-expats\server\node_modules\express\lib\router\index.js:346:12)
    at next (D:\sarajevo-expats\server\node_modules\express\lib\router\index.js:280:10)
 [2024-12-10T18:38:16.784Z] IP: ::1 "POST /api/placetypes" 401 - User is not authorized or token is missing
 Stack: Error: User is not authorized or token is missing
    at D:\sarajevo-expats\server\middleware\validateAdminToken.js:12:11
    at asyncUtilWrap (D:\sarajevo-expats\server\node_modules\express-async-handler\index.js:3:20)
    at Layer.handle [as handle_request] (D:\sarajevo-expats\server\node_modules\express\lib\router\layer.js:95:5)
    at next (D:\sarajevo-expats\server\node_modules\express\lib\router\route.js:149:13)
    at next (D:\sarajevo-expats\server\node_modules\express\lib\router\route.js:145:7)
    at Route.dispatch (D:\sarajevo-expats\server\node_modules\express\lib\router\route.js:119:3)
    at Layer.handle [as handle_request] (D:\sarajevo-expats\server\node_modules\express\lib\router\layer.js:95:5)
    at D:\sarajevo-expats\server\node_modules\express\lib\router\index.js:284:15
    at Function.process_params (D:\sarajevo-expats\server\node_modules\express\lib\router\index.js:346:12)
    at next (D:\sarajevo-expats\server\node_modules\express\lib\router\index.js:280:10)
 [2024-12-10T18:38:52.584Z] IP: ::1 "GET /api/placetypes/with-places" 401 - User is not authorized or token is missing
 Stack: Error: User is not authorized or token is missing
    at D:\sarajevo-expats\server\middleware\validateAdminToken.js:12:11
    at asyncUtilWrap (D:\sarajevo-expats\server\node_modules\express-async-handler\index.js:3:20)
    at Layer.handle [as handle_request] (D:\sarajevo-expats\server\node_modules\express\lib\router\layer.js:95:5)
    at next (D:\sarajevo-expats\server\node_modules\express\lib\router\route.js:149:13)
    at Route.dispatch (D:\sarajevo-expats\server\node_modules\express\lib\router\route.js:119:3)
    at Layer.handle [as handle_request] (D:\sarajevo-expats\server\node_modules\express\lib\router\layer.js:95:5)
    at D:\sarajevo-expats\server\node_modules\express\lib\router\index.js:284:15
    at Function.process_params (D:\sarajevo-expats\server\node_modules\express\lib\router\index.js:346:12)
    at next (D:\sarajevo-expats\server\node_modules\express\lib\router\index.js:280:10)
    at Function.handle (D:\sarajevo-expats\server\node_modules\express\lib\router\index.js:175:3)
 [2024-12-10T18:44:05.637Z] IP: ::1 "GET /api/placetypes/with-places" 200 - Cannot populate path `places` because it is not in your schema. Set the `strictPopulate` option to false to override.
 Stack: StrictPopulateError: Cannot populate path `places` because it is not in your schema. Set the `strictPopulate` option to false to override.
    at getModelsMapForPopulate (D:\sarajevo-expats\server\node_modules\mongoose\lib\helpers\populate\getModelsMapForPopulate.js:50:12)
    at populate (D:\sarajevo-expats\server\node_modules\mongoose\lib\model.js:4323:21)
    at _populate (D:\sarajevo-expats\server\node_modules\mongoose\lib\model.js:4283:5)
    at D:\sarajevo-expats\server\node_modules\mongoose\lib\model.js:4255:5
    at new Promise (<anonymous>)
    at Function.populate (D:\sarajevo-expats\server\node_modules\mongoose\lib\model.js:4254:10)
    at model.Query._find (D:\sarajevo-expats\server\node_modules\mongoose\lib\query.js:2391:20)
    at process.processTicksAndRejections (node:internal/process/task_queues:95:5)
    at async model.Query.exec (D:\sarajevo-expats\server\node_modules\mongoose\lib\query.js:4458:63)
    at async D:\sarajevo-expats\server\controllers\placeTypeController.js:18:21
 [2024-12-10T18:44:25.996Z] IP: ::1 "POST /api/placetypes" 400 - Place type already exists
 Stack: Error: Place type already exists
    at D:\sarajevo-expats\server\controllers\placeTypeController.js:34:11
    at process.processTicksAndRejections (node:internal/process/task_queues:95:5)
 [2024-12-10T18:44:38.598Z] IP: ::1 "GET /api/placetypes/with-places" 200 - Cannot populate path `places` because it is not in your schema. Set the `strictPopulate` option to false to override.
 Stack: StrictPopulateError: Cannot populate path `places` because it is not in your schema. Set the `strictPopulate` option to false to override.
    at getModelsMapForPopulate (D:\sarajevo-expats\server\node_modules\mongoose\lib\helpers\populate\getModelsMapForPopulate.js:50:12)
    at populate (D:\sarajevo-expats\server\node_modules\mongoose\lib\model.js:4323:21)
    at _populate (D:\sarajevo-expats\server\node_modules\mongoose\lib\model.js:4283:5)
    at D:\sarajevo-expats\server\node_modules\mongoose\lib\model.js:4255:5
    at new Promise (<anonymous>)
    at Function.populate (D:\sarajevo-expats\server\node_modules\mongoose\lib\model.js:4254:10)
    at model.Query._find (D:\sarajevo-expats\server\node_modules\mongoose\lib\query.js:2391:20)
    at process.processTicksAndRejections (node:internal/process/task_queues:95:5)
    at async model.Query.exec (D:\sarajevo-expats\server\node_modules\mongoose\lib\query.js:4458:63)
    at async D:\sarajevo-expats\server\controllers\placeTypeController.js:18:21
 [2024-12-10T19:16:02.297Z] IP: ::1 "POST /api/serviceTypes" 200 - E11000 duplicate key error collection: test.servicetypes index: trimName_1 dup key: { trimName: null }
 Stack: MongoServerError: E11000 duplicate key error collection: test.servicetypes index: trimName_1 dup key: { trimName: null }
    at InsertOneOperation.execute (D:\sarajevo-expats\server\node_modules\mongodb\lib\operations\insert.js:51:19)
    at process.processTicksAndRejections (node:internal/process/task_queues:95:5)
    at async tryOperation (D:\sarajevo-expats\server\node_modules\mongodb\lib\operations\execute_operation.js:199:20)
    at async executeOperation (D:\sarajevo-expats\server\node_modules\mongodb\lib\operations\execute_operation.js:69:16)
    at async Collection.insertOne (D:\sarajevo-expats\server\node_modules\mongodb\lib\collection.js:154:16)
 [2024-12-10T19:16:04.494Z] IP: ::1 "POST /api/serviceTypes" 200 - E11000 duplicate key error collection: test.servicetypes index: trimName_1 dup key: { trimName: null }
 Stack: MongoServerError: E11000 duplicate key error collection: test.servicetypes index: trimName_1 dup key: { trimName: null }
    at InsertOneOperation.execute (D:\sarajevo-expats\server\node_modules\mongodb\lib\operations\insert.js:51:19)
    at process.processTicksAndRejections (node:internal/process/task_queues:95:5)
    at async tryOperation (D:\sarajevo-expats\server\node_modules\mongodb\lib\operations\execute_operation.js:199:20)
    at async executeOperation (D:\sarajevo-expats\server\node_modules\mongodb\lib\operations\execute_operation.js:69:16)
    at async Collection.insertOne (D:\sarajevo-expats\server\node_modules\mongodb\lib\collection.js:154:16)
 [2024-12-10T19:16:07.575Z] IP: ::1 "POST /api/serviceTypes" 200 - E11000 duplicate key error collection: test.servicetypes index: trimName_1 dup key: { trimName: null }
 Stack: MongoServerError: E11000 duplicate key error collection: test.servicetypes index: trimName_1 dup key: { trimName: null }
    at InsertOneOperation.execute (D:\sarajevo-expats\server\node_modules\mongodb\lib\operations\insert.js:51:19)
    at process.processTicksAndRejections (node:internal/process/task_queues:95:5)
    at async tryOperation (D:\sarajevo-expats\server\node_modules\mongodb\lib\operations\execute_operation.js:199:20)
    at async executeOperation (D:\sarajevo-expats\server\node_modules\mongodb\lib\operations\execute_operation.js:69:16)
    at async Collection.insertOne (D:\sarajevo-expats\server\node_modules\mongodb\lib\collection.js:154:16)
 [2024-12-10T19:16:09.252Z] IP: ::1 "POST /api/serviceTypes" 200 - E11000 duplicate key error collection: test.servicetypes index: trimName_1 dup key: { trimName: null }
 Stack: MongoServerError: E11000 duplicate key error collection: test.servicetypes index: trimName_1 dup key: { trimName: null }
    at InsertOneOperation.execute (D:\sarajevo-expats\server\node_modules\mongodb\lib\operations\insert.js:51:19)
    at process.processTicksAndRejections (node:internal/process/task_queues:95:5)
    at async tryOperation (D:\sarajevo-expats\server\node_modules\mongodb\lib\operations\execute_operation.js:199:20)
    at async executeOperation (D:\sarajevo-expats\server\node_modules\mongodb\lib\operations\execute_operation.js:69:16)
    at async Collection.insertOne (D:\sarajevo-expats\server\node_modules\mongodb\lib\collection.js:154:16)
 [2024-12-10T19:16:25.138Z] IP: ::1 "POST /api/serviceSubtypes" 200 - ServiceSubtypes validation failed: serviceType: The specified type does not exist in ServiceTypes collection
 Stack: ValidationError: ServiceSubtypes validation failed: serviceType: The specified type does not exist in ServiceTypes collection
    at Document.invalidate (D:\sarajevo-expats\server\node_modules\mongoose\lib\document.js:3318:32)
    at D:\sarajevo-expats\server\node_modules\mongoose\lib\document.js:3079:17
    at D:\sarajevo-expats\server\node_modules\mongoose\lib\schemaType.js:1388:9
    at process.processTicksAndRejections (node:internal/process/task_queues:77:11)
 [2024-12-10T19:16:27.382Z] IP: ::1 "POST /api/serviceSubtypes" 200 - ServiceSubtypes validation failed: serviceType: The specified type does not exist in ServiceTypes collection
 Stack: ValidationError: ServiceSubtypes validation failed: serviceType: The specified type does not exist in ServiceTypes collection
    at Document.invalidate (D:\sarajevo-expats\server\node_modules\mongoose\lib\document.js:3318:32)
    at D:\sarajevo-expats\server\node_modules\mongoose\lib\document.js:3079:17
    at D:\sarajevo-expats\server\node_modules\mongoose\lib\schemaType.js:1388:9
    at process.processTicksAndRejections (node:internal/process/task_queues:77:11)
 [2024-12-10T19:16:29.679Z] IP: ::1 "POST /api/serviceSubtypes" 200 - ServiceSubtypes validation failed: serviceType: The specified type does not exist in ServiceTypes collection
 Stack: ValidationError: ServiceSubtypes validation failed: serviceType: The specified type does not exist in ServiceTypes collection
    at Document.invalidate (D:\sarajevo-expats\server\node_modules\mongoose\lib\document.js:3318:32)
    at D:\sarajevo-expats\server\node_modules\mongoose\lib\document.js:3079:17
    at D:\sarajevo-expats\server\node_modules\mongoose\lib\schemaType.js:1388:9
    at process.processTicksAndRejections (node:internal/process/task_queues:77:11)
 [2024-12-10T19:16:32.252Z] IP: ::1 "POST /api/serviceSubtypes" 200 - ServiceSubtypes validation failed: serviceType: The specified type does not exist in ServiceTypes collection
 Stack: ValidationError: ServiceSubtypes validation failed: serviceType: The specified type does not exist in ServiceTypes collection
    at Document.invalidate (D:\sarajevo-expats\server\node_modules\mongoose\lib\document.js:3318:32)
    at D:\sarajevo-expats\server\node_modules\mongoose\lib\document.js:3079:17
    at D:\sarajevo-expats\server\node_modules\mongoose\lib\schemaType.js:1388:9
    at process.processTicksAndRejections (node:internal/process/task_queues:77:11)
 [2024-12-10T19:17:58.551Z] IP: ::1 "POST /api/serviceSubtypes" 200 - ServiceSubtypes validation failed: serviceType: The specified type does not exist in ServiceTypes collection
 Stack: ValidationError: ServiceSubtypes validation failed: serviceType: The specified type does not exist in ServiceTypes collection
    at Document.invalidate (D:\sarajevo-expats\server\node_modules\mongoose\lib\document.js:3318:32)
    at D:\sarajevo-expats\server\node_modules\mongoose\lib\document.js:3079:17
    at D:\sarajevo-expats\server\node_modules\mongoose\lib\schemaType.js:1388:9
    at process.processTicksAndRejections (node:internal/process/task_queues:77:11)
 [2024-12-10T19:18:06.607Z] IP: ::1 "POST /api/serviceSubtypes" 200 - ServiceSubtypes validation failed: serviceType: The specified type does not exist in ServiceTypes collection
 Stack: ValidationError: ServiceSubtypes validation failed: serviceType: The specified type does not exist in ServiceTypes collection
    at Document.invalidate (D:\sarajevo-expats\server\node_modules\mongoose\lib\document.js:3318:32)
    at D:\sarajevo-expats\server\node_modules\mongoose\lib\document.js:3079:17
    at D:\sarajevo-expats\server\node_modules\mongoose\lib\schemaType.js:1388:9
    at process.processTicksAndRejections (node:internal/process/task_queues:77:11)
 [2024-12-10T19:19:06.358Z] IP: ::1 "POST /api/serviceSubtypes" 200 - E11000 duplicate key error collection: test.servicesubtypes index: name_1 dup key: { name: "string1322434" }
 Stack: MongoServerError: E11000 duplicate key error collection: test.servicesubtypes index: name_1 dup key: { name: "string1322434" }
    at InsertOneOperation.execute (D:\sarajevo-expats\server\node_modules\mongodb\lib\operations\insert.js:51:19)
    at process.processTicksAndRejections (node:internal/process/task_queues:95:5)
    at async tryOperation (D:\sarajevo-expats\server\node_modules\mongodb\lib\operations\execute_operation.js:199:20)
    at async executeOperation (D:\sarajevo-expats\server\node_modules\mongodb\lib\operations\execute_operation.js:69:16)
    at async Collection.insertOne (D:\sarajevo-expats\server\node_modules\mongodb\lib\collection.js:154:16)
 [2024-12-10T19:19:06.517Z] IP: ::1 "POST /api/serviceSubtypes" 200 - E11000 duplicate key error collection: test.servicesubtypes index: name_1 dup key: { name: "string1322434" }
 Stack: MongoServerError: E11000 duplicate key error collection: test.servicesubtypes index: name_1 dup key: { name: "string1322434" }
    at InsertOneOperation.execute (D:\sarajevo-expats\server\node_modules\mongodb\lib\operations\insert.js:51:19)
    at process.processTicksAndRejections (node:internal/process/task_queues:95:5)
    at async tryOperation (D:\sarajevo-expats\server\node_modules\mongodb\lib\operations\execute_operation.js:199:20)
    at async executeOperation (D:\sarajevo-expats\server\node_modules\mongodb\lib\operations\execute_operation.js:69:16)
    at async Collection.insertOne (D:\sarajevo-expats\server\node_modules\mongodb\lib\collection.js:154:16)
 [2024-12-10T19:19:06.699Z] IP: ::1 "POST /api/serviceSubtypes" 200 - E11000 duplicate key error collection: test.servicesubtypes index: name_1 dup key: { name: "string1322434" }
 Stack: MongoServerError: E11000 duplicate key error collection: test.servicesubtypes index: name_1 dup key: { name: "string1322434" }
    at InsertOneOperation.execute (D:\sarajevo-expats\server\node_modules\mongodb\lib\operations\insert.js:51:19)
    at process.processTicksAndRejections (node:internal/process/task_queues:95:5)
    at async tryOperation (D:\sarajevo-expats\server\node_modules\mongodb\lib\operations\execute_operation.js:199:20)
    at async executeOperation (D:\sarajevo-expats\server\node_modules\mongodb\lib\operations\execute_operation.js:69:16)
    at async Collection.insertOne (D:\sarajevo-expats\server\node_modules\mongodb\lib\collection.js:154:16)
 [2024-12-10T19:19:33.020Z] IP: ::1 "POST /api/serviceTypes" 200 - E11000 duplicate key error collection: test.servicetypes index: name_1 dup key: { name: "string13" }
 Stack: MongoServerError: E11000 duplicate key error collection: test.servicetypes index: name_1 dup key: { name: "string13" }
    at InsertOneOperation.execute (D:\sarajevo-expats\server\node_modules\mongodb\lib\operations\insert.js:51:19)
    at process.processTicksAndRejections (node:internal/process/task_queues:95:5)
    at async tryOperation (D:\sarajevo-expats\server\node_modules\mongodb\lib\operations\execute_operation.js:199:20)
    at async executeOperation (D:\sarajevo-expats\server\node_modules\mongodb\lib\operations\execute_operation.js:69:16)
    at async Collection.insertOne (D:\sarajevo-expats\server\node_modules\mongodb\lib\collection.js:154:16)
 [2024-12-10T19:26:07.573Z] IP: ::1 "POST /api/serviceTypes" 401 - User is not authorized or token is missing
 Stack: Error: User is not authorized or token is missing
    at D:\sarajevo-expats\server\middleware\validateAdminToken.js:12:11
    at asyncUtilWrap (D:\sarajevo-expats\server\node_modules\express-async-handler\index.js:3:20)
    at Layer.handle [as handle_request] (D:\sarajevo-expats\server\node_modules\express\lib\router\layer.js:95:5)
    at next (D:\sarajevo-expats\server\node_modules\express\lib\router\route.js:149:13)
    at next (D:\sarajevo-expats\server\node_modules\express\lib\router\route.js:145:7)
    at Route.dispatch (D:\sarajevo-expats\server\node_modules\express\lib\router\route.js:119:3)
    at Layer.handle [as handle_request] (D:\sarajevo-expats\server\node_modules\express\lib\router\layer.js:95:5)
    at D:\sarajevo-expats\server\node_modules\express\lib\router\index.js:284:15
    at Function.process_params (D:\sarajevo-expats\server\node_modules\express\lib\router\index.js:346:12)
    at next (D:\sarajevo-expats\server\node_modules\express\lib\router\index.js:280:10)
 [2024-12-10T19:32:42.753Z] IP: ::1 "GET /api/serviceSubtypes/with-services" 401 - User is not authorized or token is missing
 Stack: Error: User is not authorized or token is missing
    at D:\sarajevo-expats\server\middleware\validateAdminToken.js:12:11
    at asyncUtilWrap (D:\sarajevo-expats\server\node_modules\express-async-handler\index.js:3:20)
    at Layer.handle [as handle_request] (D:\sarajevo-expats\server\node_modules\express\lib\router\layer.js:95:5)
    at next (D:\sarajevo-expats\server\node_modules\express\lib\router\route.js:149:13)
    at Route.dispatch (D:\sarajevo-expats\server\node_modules\express\lib\router\route.js:119:3)
    at Layer.handle [as handle_request] (D:\sarajevo-expats\server\node_modules\express\lib\router\layer.js:95:5)
    at D:\sarajevo-expats\server\node_modules\express\lib\router\index.js:284:15
    at Function.process_params (D:\sarajevo-expats\server\node_modules\express\lib\router\index.js:346:12)
    at next (D:\sarajevo-expats\server\node_modules\express\lib\router\index.js:280:10)
    at Function.handle (D:\sarajevo-expats\server\node_modules\express\lib\router\index.js:175:3)
 [2024-12-10T19:32:49.193Z] IP: ::1 "GET /api/serviceSubtypes/with-services" 401 - User is not authorized or token is missing
 Stack: Error: User is not authorized or token is missing
    at D:\sarajevo-expats\server\middleware\validateAdminToken.js:12:11
    at asyncUtilWrap (D:\sarajevo-expats\server\node_modules\express-async-handler\index.js:3:20)
    at Layer.handle [as handle_request] (D:\sarajevo-expats\server\node_modules\express\lib\router\layer.js:95:5)
    at next (D:\sarajevo-expats\server\node_modules\express\lib\router\route.js:149:13)
    at Route.dispatch (D:\sarajevo-expats\server\node_modules\express\lib\router\route.js:119:3)
    at Layer.handle [as handle_request] (D:\sarajevo-expats\server\node_modules\express\lib\router\layer.js:95:5)
    at D:\sarajevo-expats\server\node_modules\express\lib\router\index.js:284:15
    at Function.process_params (D:\sarajevo-expats\server\node_modules\express\lib\router\index.js:346:12)
    at next (D:\sarajevo-expats\server\node_modules\express\lib\router\index.js:280:10)
    at Function.handle (D:\sarajevo-expats\server\node_modules\express\lib\router\index.js:175:3)
 [2024-12-10T19:33:26.123Z] IP: ::1 "GET /api/serviceSubtypes/with-services" 401 - User is not authorized or token is missing
 Stack: Error: User is not authorized or token is missing
    at D:\sarajevo-expats\server\middleware\validateAdminToken.js:12:11
    at asyncUtilWrap (D:\sarajevo-expats\server\node_modules\express-async-handler\index.js:3:20)
    at Layer.handle [as handle_request] (D:\sarajevo-expats\server\node_modules\express\lib\router\layer.js:95:5)
    at next (D:\sarajevo-expats\server\node_modules\express\lib\router\route.js:149:13)
    at Route.dispatch (D:\sarajevo-expats\server\node_modules\express\lib\router\route.js:119:3)
    at Layer.handle [as handle_request] (D:\sarajevo-expats\server\node_modules\express\lib\router\layer.js:95:5)
    at D:\sarajevo-expats\server\node_modules\express\lib\router\index.js:284:15
    at Function.process_params (D:\sarajevo-expats\server\node_modules\express\lib\router\index.js:346:12)
    at next (D:\sarajevo-expats\server\node_modules\express\lib\router\index.js:280:10)
    at Function.handle (D:\sarajevo-expats\server\node_modules\express\lib\router\index.js:175:3)
 [2024-12-10T19:33:26.127Z] IP: ::1 "GET /api/serviceSubtypes/with-services" 401 - User is not authorized or token is missing
 Stack: Error: User is not authorized or token is missing
    at D:\sarajevo-expats\server\middleware\validateAdminToken.js:12:11
    at asyncUtilWrap (D:\sarajevo-expats\server\node_modules\express-async-handler\index.js:3:20)
    at Layer.handle [as handle_request] (D:\sarajevo-expats\server\node_modules\express\lib\router\layer.js:95:5)
    at next (D:\sarajevo-expats\server\node_modules\express\lib\router\route.js:149:13)
    at Route.dispatch (D:\sarajevo-expats\server\node_modules\express\lib\router\route.js:119:3)
    at Layer.handle [as handle_request] (D:\sarajevo-expats\server\node_modules\express\lib\router\layer.js:95:5)
    at D:\sarajevo-expats\server\node_modules\express\lib\router\index.js:284:15
    at Function.process_params (D:\sarajevo-expats\server\node_modules\express\lib\router\index.js:346:12)
    at next (D:\sarajevo-expats\server\node_modules\express\lib\router\index.js:280:10)
    at Function.handle (D:\sarajevo-expats\server\node_modules\express\lib\router\index.js:175:3)
 [2024-12-10T19:34:30.828Z] IP: ::1 "GET /api/serviceSubtypes/with-services" 401 - User is not authorized or token is missing
 Stack: Error: User is not authorized or token is missing
    at D:\sarajevo-expats\server\middleware\validateAdminToken.js:12:11
    at asyncUtilWrap (D:\sarajevo-expats\server\node_modules\express-async-handler\index.js:3:20)
    at Layer.handle [as handle_request] (D:\sarajevo-expats\server\node_modules\express\lib\router\layer.js:95:5)
    at next (D:\sarajevo-expats\server\node_modules\express\lib\router\route.js:149:13)
    at Route.dispatch (D:\sarajevo-expats\server\node_modules\express\lib\router\route.js:119:3)
    at Layer.handle [as handle_request] (D:\sarajevo-expats\server\node_modules\express\lib\router\layer.js:95:5)
    at D:\sarajevo-expats\server\node_modules\express\lib\router\index.js:284:15
    at Function.process_params (D:\sarajevo-expats\server\node_modules\express\lib\router\index.js:346:12)
    at next (D:\sarajevo-expats\server\node_modules\express\lib\router\index.js:280:10)
    at Function.handle (D:\sarajevo-expats\server\node_modules\express\lib\router\index.js:175:3)
 [2024-12-10T19:35:01.968Z] IP: ::1 "GET /api/serviceSubtypes/with-services" 401 - User is not authorized or token is missing
 Stack: Error: User is not authorized or token is missing
    at D:\sarajevo-expats\server\middleware\validateAdminToken.js:12:11
    at asyncUtilWrap (D:\sarajevo-expats\server\node_modules\express-async-handler\index.js:3:20)
    at Layer.handle [as handle_request] (D:\sarajevo-expats\server\node_modules\express\lib\router\layer.js:95:5)
    at next (D:\sarajevo-expats\server\node_modules\express\lib\router\route.js:149:13)
    at Route.dispatch (D:\sarajevo-expats\server\node_modules\express\lib\router\route.js:119:3)
    at Layer.handle [as handle_request] (D:\sarajevo-expats\server\node_modules\express\lib\router\layer.js:95:5)
    at D:\sarajevo-expats\server\node_modules\express\lib\router\index.js:284:15
    at Function.process_params (D:\sarajevo-expats\server\node_modules\express\lib\router\index.js:346:12)
    at next (D:\sarajevo-expats\server\node_modules\express\lib\router\index.js:280:10)
    at Function.handle (D:\sarajevo-expats\server\node_modules\express\lib\router\index.js:175:3)
 [2024-12-10T19:35:01.973Z] IP: ::1 "GET /api/serviceSubtypes/with-services" 401 - User is not authorized or token is missing
 Stack: Error: User is not authorized or token is missing
    at D:\sarajevo-expats\server\middleware\validateAdminToken.js:12:11
    at asyncUtilWrap (D:\sarajevo-expats\server\node_modules\express-async-handler\index.js:3:20)
    at Layer.handle [as handle_request] (D:\sarajevo-expats\server\node_modules\express\lib\router\layer.js:95:5)
    at next (D:\sarajevo-expats\server\node_modules\express\lib\router\route.js:149:13)
    at Route.dispatch (D:\sarajevo-expats\server\node_modules\express\lib\router\route.js:119:3)
    at Layer.handle [as handle_request] (D:\sarajevo-expats\server\node_modules\express\lib\router\layer.js:95:5)
    at D:\sarajevo-expats\server\node_modules\express\lib\router\index.js:284:15
    at Function.process_params (D:\sarajevo-expats\server\node_modules\express\lib\router\index.js:346:12)
    at next (D:\sarajevo-expats\server\node_modules\express\lib\router\index.js:280:10)
    at Function.handle (D:\sarajevo-expats\server\node_modules\express\lib\router\index.js:175:3)
 [2024-12-10T19:35:54.970Z] IP: ::1 "GET /api/serviceSubtypes/with-services" 401 - User is not authorized or token is missing
 Stack: Error: User is not authorized or token is missing
    at D:\sarajevo-expats\server\middleware\validateAdminToken.js:12:11
    at asyncUtilWrap (D:\sarajevo-expats\server\node_modules\express-async-handler\index.js:3:20)
    at Layer.handle [as handle_request] (D:\sarajevo-expats\server\node_modules\express\lib\router\layer.js:95:5)
    at next (D:\sarajevo-expats\server\node_modules\express\lib\router\route.js:149:13)
    at Route.dispatch (D:\sarajevo-expats\server\node_modules\express\lib\router\route.js:119:3)
    at Layer.handle [as handle_request] (D:\sarajevo-expats\server\node_modules\express\lib\router\layer.js:95:5)
    at D:\sarajevo-expats\server\node_modules\express\lib\router\index.js:284:15
    at Function.process_params (D:\sarajevo-expats\server\node_modules\express\lib\router\index.js:346:12)
    at next (D:\sarajevo-expats\server\node_modules\express\lib\router\index.js:280:10)
    at Function.handle (D:\sarajevo-expats\server\node_modules\express\lib\router\index.js:175:3)
 [2024-12-10T19:36:20.194Z] IP: ::1 "GET /api/serviceSubtypes/with-services" 401 - User is not authorized or token is missing
 Stack: Error: User is not authorized or token is missing
    at D:\sarajevo-expats\server\middleware\validateAdminToken.js:12:11
    at asyncUtilWrap (D:\sarajevo-expats\server\node_modules\express-async-handler\index.js:3:20)
    at Layer.handle [as handle_request] (D:\sarajevo-expats\server\node_modules\express\lib\router\layer.js:95:5)
    at next (D:\sarajevo-expats\server\node_modules\express\lib\router\route.js:149:13)
    at Route.dispatch (D:\sarajevo-expats\server\node_modules\express\lib\router\route.js:119:3)
    at Layer.handle [as handle_request] (D:\sarajevo-expats\server\node_modules\express\lib\router\layer.js:95:5)
    at D:\sarajevo-expats\server\node_modules\express\lib\router\index.js:284:15
    at Function.process_params (D:\sarajevo-expats\server\node_modules\express\lib\router\index.js:346:12)
    at next (D:\sarajevo-expats\server\node_modules\express\lib\router\index.js:280:10)
    at Function.handle (D:\sarajevo-expats\server\node_modules\express\lib\router\index.js:175:3)
 [2024-12-10T19:37:42.592Z] IP: ::1 "GET /api/serviceSubtypes/with-services" 401 - User is not authorized or token is missing
 Stack: Error: User is not authorized or token is missing
    at D:\sarajevo-expats\server\middleware\validateAdminToken.js:12:11
    at asyncUtilWrap (D:\sarajevo-expats\server\node_modules\express-async-handler\index.js:3:20)
    at Layer.handle [as handle_request] (D:\sarajevo-expats\server\node_modules\express\lib\router\layer.js:95:5)
    at next (D:\sarajevo-expats\server\node_modules\express\lib\router\route.js:149:13)
    at Route.dispatch (D:\sarajevo-expats\server\node_modules\express\lib\router\route.js:119:3)
    at Layer.handle [as handle_request] (D:\sarajevo-expats\server\node_modules\express\lib\router\layer.js:95:5)
    at D:\sarajevo-expats\server\node_modules\express\lib\router\index.js:284:15
    at Function.process_params (D:\sarajevo-expats\server\node_modules\express\lib\router\index.js:346:12)
    at next (D:\sarajevo-expats\server\node_modules\express\lib\router\index.js:280:10)
    at Function.handle (D:\sarajevo-expats\server\node_modules\express\lib\router\index.js:175:3)
 [2024-12-10T19:38:34.215Z] IP: ::1 "GET /api/serviceSubtypes/with-services" 401 - User is not authorized or token is missing
 Stack: Error: User is not authorized or token is missing
    at D:\sarajevo-expats\server\middleware\validateAdminToken.js:12:11
    at asyncUtilWrap (D:\sarajevo-expats\server\node_modules\express-async-handler\index.js:3:20)
    at Layer.handle [as handle_request] (D:\sarajevo-expats\server\node_modules\express\lib\router\layer.js:95:5)
    at next (D:\sarajevo-expats\server\node_modules\express\lib\router\route.js:149:13)
    at Route.dispatch (D:\sarajevo-expats\server\node_modules\express\lib\router\route.js:119:3)
    at Layer.handle [as handle_request] (D:\sarajevo-expats\server\node_modules\express\lib\router\layer.js:95:5)
    at D:\sarajevo-expats\server\node_modules\express\lib\router\index.js:284:15
    at Function.process_params (D:\sarajevo-expats\server\node_modules\express\lib\router\index.js:346:12)
    at next (D:\sarajevo-expats\server\node_modules\express\lib\router\index.js:280:10)
    at Function.handle (D:\sarajevo-expats\server\node_modules\express\lib\router\index.js:175:3)
 [2024-12-10T19:38:50.043Z] IP: ::1 "GET /api/serviceSubtypes/with-services" 401 - User is not authorized or token is missing
 Stack: Error: User is not authorized or token is missing
    at D:\sarajevo-expats\server\middleware\validateAdminToken.js:12:11
    at asyncUtilWrap (D:\sarajevo-expats\server\node_modules\express-async-handler\index.js:3:20)
    at Layer.handle [as handle_request] (D:\sarajevo-expats\server\node_modules\express\lib\router\layer.js:95:5)
    at next (D:\sarajevo-expats\server\node_modules\express\lib\router\route.js:149:13)
    at Route.dispatch (D:\sarajevo-expats\server\node_modules\express\lib\router\route.js:119:3)
    at Layer.handle [as handle_request] (D:\sarajevo-expats\server\node_modules\express\lib\router\layer.js:95:5)
    at D:\sarajevo-expats\server\node_modules\express\lib\router\index.js:284:15
    at Function.process_params (D:\sarajevo-expats\server\node_modules\express\lib\router\index.js:346:12)
    at next (D:\sarajevo-expats\server\node_modules\express\lib\router\index.js:280:10)
    at Function.handle (D:\sarajevo-expats\server\node_modules\express\lib\router\index.js:175:3)
